<?xml version="1.0" encoding="UTF-8"?>
<testsuite xmlns:xsi="http://www.w3.org/2001/XMLSchema-instance" xsi:noNamespaceSchemaLocation="https://maven.apache.org/surefire/maven-surefire-plugin/xsd/surefire-test-report.xsd" name="com.captialfloat.restassured.binid.JsonBinTest" time="20.594" tests="15" errors="0" skipped="0" failures="0">
  <properties>
    <property name="java.specification.version" value="15"/>
    <property name="sun.cpu.isalist" value="amd64"/>
    <property name="sun.jnu.encoding" value="Cp1252"/>
    <property name="java.class.path" value="D:\workspace\CurrencyConverted\target\test-classes;D:\workspace\CurrencyConverted\target\classes;C:\Users\nipun\.m2\repository\io\rest-assured\rest-assured\4.3.2\rest-assured-4.3.2.jar;C:\Users\nipun\.m2\repository\org\codehaus\groovy\groovy\3.0.6\groovy-3.0.6.jar;C:\Users\nipun\.m2\repository\org\codehaus\groovy\groovy-xml\3.0.6\groovy-xml-3.0.6.jar;C:\Users\nipun\.m2\repository\org\apache\httpcomponents\httpclient\4.5.3\httpclient-4.5.3.jar;C:\Users\nipun\.m2\repository\org\apache\httpcomponents\httpcore\4.4.6\httpcore-4.4.6.jar;C:\Users\nipun\.m2\repository\commons-logging\commons-logging\1.2\commons-logging-1.2.jar;C:\Users\nipun\.m2\repository\org\apache\httpcomponents\httpmime\4.5.3\httpmime-4.5.3.jar;C:\Users\nipun\.m2\repository\org\hamcrest\hamcrest\2.1\hamcrest-2.1.jar;C:\Users\nipun\.m2\repository\org\ccil\cowan\tagsoup\tagsoup\1.2.1\tagsoup-1.2.1.jar;C:\Users\nipun\.m2\repository\io\rest-assured\json-path\4.3.2\json-path-4.3.2.jar;C:\Users\nipun\.m2\repository\org\codehaus\groovy\groovy-json\3.0.6\groovy-json-3.0.6.jar;C:\Users\nipun\.m2\repository\io\rest-assured\rest-assured-common\4.3.2\rest-assured-common-4.3.2.jar;C:\Users\nipun\.m2\repository\io\rest-assured\xml-path\4.3.2\xml-path-4.3.2.jar;C:\Users\nipun\.m2\repository\org\apache\commons\commons-lang3\3.11\commons-lang3-3.11.jar;C:\Users\nipun\.m2\repository\jakarta\xml\bind\jakarta.xml.bind-api\2.3.3\jakarta.xml.bind-api-2.3.3.jar;C:\Users\nipun\.m2\repository\jakarta\activation\jakarta.activation-api\1.2.2\jakarta.activation-api-1.2.2.jar;C:\Users\nipun\.m2\repository\com\sun\xml\bind\jaxb-impl\2.3.3\jaxb-impl-2.3.3.jar;C:\Users\nipun\.m2\repository\org\testng\testng\7.1.0\testng-7.1.0.jar;C:\Users\nipun\.m2\repository\com\beust\jcommander\1.72\jcommander-1.72.jar;C:\Users\nipun\.m2\repository\com\google\inject\guice\4.1.0\guice-4.1.0-no_aop.jar;C:\Users\nipun\.m2\repository\javax\inject\javax.inject\1\javax.inject-1.jar;C:\Users\nipun\.m2\repository\aopalliance\aopalliance\1.0\aopalliance-1.0.jar;C:\Users\nipun\.m2\repository\org\yaml\snakeyaml\1.21\snakeyaml-1.21.jar;C:\Users\nipun\.m2\repository\com\googlecode\json-simple\json-simple\1.1.1\json-simple-1.1.1.jar;C:\Users\nipun\.m2\repository\junit\junit\4.10\junit-4.10.jar;C:\Users\nipun\.m2\repository\org\hamcrest\hamcrest-core\1.1\hamcrest-core-1.1.jar;C:\Users\nipun\.m2\repository\org\apache\poi\poi\4.1.2\poi-4.1.2.jar;C:\Users\nipun\.m2\repository\commons-codec\commons-codec\1.13\commons-codec-1.13.jar;C:\Users\nipun\.m2\repository\org\apache\commons\commons-collections4\4.4\commons-collections4-4.4.jar;C:\Users\nipun\.m2\repository\org\apache\commons\commons-math3\3.6.1\commons-math3-3.6.1.jar;C:\Users\nipun\.m2\repository\com\zaxxer\SparseBitSet\1.2\SparseBitSet-1.2.jar;C:\Users\nipun\.m2\repository\org\apache\poi\poi-ooxml\4.1.2\poi-ooxml-4.1.2.jar;C:\Users\nipun\.m2\repository\org\apache\poi\poi-ooxml-schemas\4.1.2\poi-ooxml-schemas-4.1.2.jar;C:\Users\nipun\.m2\repository\org\apache\xmlbeans\xmlbeans\3.1.0\xmlbeans-3.1.0.jar;C:\Users\nipun\.m2\repository\org\apache\commons\commons-compress\1.19\commons-compress-1.19.jar;C:\Users\nipun\.m2\repository\com\github\virtuald\curvesapi\1.06\curvesapi-1.06.jar;C:\Users\nipun\.m2\repository\com\google\guava\guava\21.0\guava-21.0.jar;C:\Users\nipun\.m2\repository\log4j\log4j\1.2.17\log4j-1.2.17.jar;"/>
    <property name="java.vm.vendor" value="Oracle Corporation"/>
    <property name="sun.arch.data.model" value="64"/>
    <property name="user.variant" value=""/>
    <property name="java.vendor.url" value="https://java.oracle.com/"/>
    <property name="user.timezone" value="Asia/Calcutta"/>
    <property name="os.name" value="Windows 10"/>
    <property name="java.vm.specification.version" value="15"/>
    <property name="sun.java.launcher" value="SUN_STANDARD"/>
    <property name="user.country" value="IN"/>
    <property name="sun.boot.library.path" value="C:\Program Files\java\jdk-15.0.2\bin"/>
    <property name="sun.java.command" value="C:\Users\nipun\AppData\Local\Temp\surefire13922981066272760217\surefirebooter6103985876607581653.jar C:\Users\nipun\AppData\Local\Temp\surefire13922981066272760217 2021-02-13T21-36-12_471-jvmRun1 surefire18357441026113855353tmp surefire_09805399528704593277tmp"/>
    <property name="jdk.debug" value="release"/>
    <property name="surefire.test.class.path" value="D:\workspace\CurrencyConverted\target\test-classes;D:\workspace\CurrencyConverted\target\classes;C:\Users\nipun\.m2\repository\io\rest-assured\rest-assured\4.3.2\rest-assured-4.3.2.jar;C:\Users\nipun\.m2\repository\org\codehaus\groovy\groovy\3.0.6\groovy-3.0.6.jar;C:\Users\nipun\.m2\repository\org\codehaus\groovy\groovy-xml\3.0.6\groovy-xml-3.0.6.jar;C:\Users\nipun\.m2\repository\org\apache\httpcomponents\httpclient\4.5.3\httpclient-4.5.3.jar;C:\Users\nipun\.m2\repository\org\apache\httpcomponents\httpcore\4.4.6\httpcore-4.4.6.jar;C:\Users\nipun\.m2\repository\commons-logging\commons-logging\1.2\commons-logging-1.2.jar;C:\Users\nipun\.m2\repository\org\apache\httpcomponents\httpmime\4.5.3\httpmime-4.5.3.jar;C:\Users\nipun\.m2\repository\org\hamcrest\hamcrest\2.1\hamcrest-2.1.jar;C:\Users\nipun\.m2\repository\org\ccil\cowan\tagsoup\tagsoup\1.2.1\tagsoup-1.2.1.jar;C:\Users\nipun\.m2\repository\io\rest-assured\json-path\4.3.2\json-path-4.3.2.jar;C:\Users\nipun\.m2\repository\org\codehaus\groovy\groovy-json\3.0.6\groovy-json-3.0.6.jar;C:\Users\nipun\.m2\repository\io\rest-assured\rest-assured-common\4.3.2\rest-assured-common-4.3.2.jar;C:\Users\nipun\.m2\repository\io\rest-assured\xml-path\4.3.2\xml-path-4.3.2.jar;C:\Users\nipun\.m2\repository\org\apache\commons\commons-lang3\3.11\commons-lang3-3.11.jar;C:\Users\nipun\.m2\repository\jakarta\xml\bind\jakarta.xml.bind-api\2.3.3\jakarta.xml.bind-api-2.3.3.jar;C:\Users\nipun\.m2\repository\jakarta\activation\jakarta.activation-api\1.2.2\jakarta.activation-api-1.2.2.jar;C:\Users\nipun\.m2\repository\com\sun\xml\bind\jaxb-impl\2.3.3\jaxb-impl-2.3.3.jar;C:\Users\nipun\.m2\repository\org\testng\testng\7.1.0\testng-7.1.0.jar;C:\Users\nipun\.m2\repository\com\beust\jcommander\1.72\jcommander-1.72.jar;C:\Users\nipun\.m2\repository\com\google\inject\guice\4.1.0\guice-4.1.0-no_aop.jar;C:\Users\nipun\.m2\repository\javax\inject\javax.inject\1\javax.inject-1.jar;C:\Users\nipun\.m2\repository\aopalliance\aopalliance\1.0\aopalliance-1.0.jar;C:\Users\nipun\.m2\repository\org\yaml\snakeyaml\1.21\snakeyaml-1.21.jar;C:\Users\nipun\.m2\repository\com\googlecode\json-simple\json-simple\1.1.1\json-simple-1.1.1.jar;C:\Users\nipun\.m2\repository\junit\junit\4.10\junit-4.10.jar;C:\Users\nipun\.m2\repository\org\hamcrest\hamcrest-core\1.1\hamcrest-core-1.1.jar;C:\Users\nipun\.m2\repository\org\apache\poi\poi\4.1.2\poi-4.1.2.jar;C:\Users\nipun\.m2\repository\commons-codec\commons-codec\1.13\commons-codec-1.13.jar;C:\Users\nipun\.m2\repository\org\apache\commons\commons-collections4\4.4\commons-collections4-4.4.jar;C:\Users\nipun\.m2\repository\org\apache\commons\commons-math3\3.6.1\commons-math3-3.6.1.jar;C:\Users\nipun\.m2\repository\com\zaxxer\SparseBitSet\1.2\SparseBitSet-1.2.jar;C:\Users\nipun\.m2\repository\org\apache\poi\poi-ooxml\4.1.2\poi-ooxml-4.1.2.jar;C:\Users\nipun\.m2\repository\org\apache\poi\poi-ooxml-schemas\4.1.2\poi-ooxml-schemas-4.1.2.jar;C:\Users\nipun\.m2\repository\org\apache\xmlbeans\xmlbeans\3.1.0\xmlbeans-3.1.0.jar;C:\Users\nipun\.m2\repository\org\apache\commons\commons-compress\1.19\commons-compress-1.19.jar;C:\Users\nipun\.m2\repository\com\github\virtuald\curvesapi\1.06\curvesapi-1.06.jar;C:\Users\nipun\.m2\repository\com\google\guava\guava\21.0\guava-21.0.jar;C:\Users\nipun\.m2\repository\log4j\log4j\1.2.17\log4j-1.2.17.jar;"/>
    <property name="sun.cpu.endian" value="little"/>
    <property name="user.home" value="C:\Users\nipun"/>
    <property name="user.language" value="en"/>
    <property name="java.specification.vendor" value="Oracle Corporation"/>
    <property name="java.version.date" value="2021-01-19"/>
    <property name="java.home" value="C:\Program Files\java\jdk-15.0.2"/>
    <property name="file.separator" value="\"/>
    <property name="basedir" value="D:\workspace\CurrencyConverted"/>
    <property name="java.vm.compressedOopsMode" value="Zero based"/>
    <property name="line.separator" value="&#10;"/>
    <property name="java.vm.specification.vendor" value="Oracle Corporation"/>
    <property name="java.specification.name" value="Java Platform API Specification"/>
    <property name="surefire.real.class.path" value="C:\Users\nipun\AppData\Local\Temp\surefire13922981066272760217\surefirebooter6103985876607581653.jar"/>
    <property name="user.script" value=""/>
    <property name="sun.management.compiler" value="HotSpot 64-Bit Tiered Compilers"/>
    <property name="java.runtime.version" value="15.0.2+7-27"/>
    <property name="user.name" value="nipun"/>
    <property name="path.separator" value=";"/>
    <property name="os.version" value="10.0"/>
    <property name="java.runtime.name" value="OpenJDK Runtime Environment"/>
    <property name="file.encoding" value="Cp1252"/>
    <property name="java.vm.name" value="OpenJDK 64-Bit Server VM"/>
    <property name="localRepository" value="C:\Users\nipun\.m2\repository"/>
    <property name="java.vendor.url.bug" value="https://bugreport.java.com/bugreport/"/>
    <property name="java.io.tmpdir" value="C:\Users\nipun\AppData\Local\Temp\"/>
    <property name="java.version" value="15.0.2"/>
    <property name="user.dir" value="D:\workspace\CurrencyConverted"/>
    <property name="os.arch" value="amd64"/>
    <property name="java.vm.specification.name" value="Java Virtual Machine Specification"/>
    <property name="sun.os.patch.level" value=""/>
    <property name="java.library.path" value="C:\Program Files\java\jdk-15.0.2\bin;C:\Windows\Sun\Java\bin;C:\Windows\system32;C:\Windows;C:/Program Files/java/jdk-15.0.2/bin/server;C:/Program Files/java/jdk-15.0.2/bin;C:\Windows\system32;C:\Windows;C:\Windows\System32\Wbem;C:\Windows\System32\WindowsPowerShell\v1.0\;C:\Windows\System32\OpenSSH\;C:\Program Files\java\jdk-15.0.2\bin;C:\Program Files\dotnet\;C:\Program Files\MySQL\mysql-8.0.23-winx64\bin;C:\Program Files\MySQL\MySQL Shell 8.0\bin\;C:\Users\nipun\AppData\Local\Microsoft\WindowsApps;C:\Users\nipun\.dotnet\tools;D:\eclipseWorkspace\eclipse;;."/>
    <property name="java.vm.info" value="mixed mode, sharing"/>
    <property name="java.vendor" value="Oracle Corporation"/>
    <property name="java.vm.version" value="15.0.2+7-27"/>
    <property name="sun.io.unicode.encoding" value="UnicodeLittle"/>
    <property name="java.class.version" value="59.0"/>
  </properties>
  <testcase name="createDataTest" classname="com.captialfloat.restassured.binid.JsonBinTest" time="4.84"/>
  <testcase name="createDataByInvalidSecureKey" classname="com.captialfloat.restassured.binid.JsonBinTest" time="1.09"/>
  <testcase name="createDataWithoutSecretKey" classname="com.captialfloat.restassured.binid.JsonBinTest" time="1.125"/>
  <testcase name="getDataByIdTest" classname="com.captialfloat.restassured.binid.JsonBinTest" time="0.831"/>
  <testcase name="getDataByWrongVesionZeroTest" classname="com.captialfloat.restassured.binid.JsonBinTest" time="1.122"/>
  <testcase name="getDataByWrongBinId" classname="com.captialfloat.restassured.binid.JsonBinTest" time="1.135"/>
  <testcase name="getDataByNagativeVesionTest" classname="com.captialfloat.restassured.binid.JsonBinTest" time="1.06"/>
  <testcase name="updateDataByIdTest" classname="com.captialfloat.restassured.binid.JsonBinTest" time="1.087"/>
  <testcase name="getDataByVesionOneTest" classname="com.captialfloat.restassured.binid.JsonBinTest" time="1.115"/>
  <testcase name="withouScretKeyTest" classname="com.captialfloat.restassured.binid.JsonBinTest" time="1.056"/>
  <testcase name="updateDataInvalidBinIdTest" classname="com.captialfloat.restassured.binid.JsonBinTest" time="1.016"/>
  <testcase name="updateDataWithoutSecureKeyTest" classname="com.captialfloat.restassured.binid.JsonBinTest" time="1.136"/>
  <testcase name="deleteDataByBinIdTest" classname="com.captialfloat.restassured.binid.JsonBinTest" time="1.154"/>
  <testcase name="deleteDataByInvalidBinIdTest" classname="com.captialfloat.restassured.binid.JsonBinTest" time="1.074"/>
  <testcase name="deleteDataWithoutSecretKeyTest" classname="com.captialfloat.restassured.binid.JsonBinTest" time="1.124"/>
</testsuite>