<?xml version="1.0" encoding="UTF-8"?>
<!-- Generated by org.testng.reporters.JUnitReportReporter -->
<testsuite hostname="DESKTOP-OH11M1P" failures="0" tests="15" name="com.captialfloat.restassured.binid.JsonBinTest" time="8.048" errors="0" timestamp="2021-02-14T10:08:08 IST" skipped="0">
  <testcase classname="com.captialfloat.restassured.binid.JsonBinTest" name="createDataTest" time="3.929"/>
  <system-out/>
  <testcase classname="com.captialfloat.restassured.binid.JsonBinTest" name="createDataByInvalidSecureKey" time="0.260"/>
  <system-out/>
  <testcase classname="com.captialfloat.restassured.binid.JsonBinTest" name="createDataWithoutSecretKey" time="0.371"/>
  <system-out/>
  <testcase classname="com.captialfloat.restassured.binid.JsonBinTest" name="getDataByIdTest" time="0.292"/>
  <system-out/>
  <testcase classname="com.captialfloat.restassured.binid.JsonBinTest" name="getDataByWrongVesionZeroTest" time="0.247"/>
  <system-out/>
  <testcase classname="com.captialfloat.restassured.binid.JsonBinTest" name="getDataByWrongBinId" time="0.295"/>
  <system-out/>
  <testcase classname="com.captialfloat.restassured.binid.JsonBinTest" name="getDataByNagativeVesionTest" time="0.362"/>
  <system-out/>
  <testcase classname="com.captialfloat.restassured.binid.JsonBinTest" name="updateDataByIdTest" time="0.415"/>
  <system-out/>
  <testcase classname="com.captialfloat.restassured.binid.JsonBinTest" name="getDataByVesionOneTest" time="0.428"/>
  <system-out/>
  <testcase classname="com.captialfloat.restassured.binid.JsonBinTest" name="withouScretKeyTest" time="0.254"/>
  <system-out/>
  <testcase classname="com.captialfloat.restassured.binid.JsonBinTest" name="updateDataInvalidBinIdTest" time="0.233"/>
  <system-out/>
  <testcase classname="com.captialfloat.restassured.binid.JsonBinTest" name="updateDataWithoutSecureKeyTest" time="0.272"/>
  <system-out/>
  <testcase classname="com.captialfloat.restassured.binid.JsonBinTest" name="deleteDataByBinIdTest" time="0.235"/>
  <system-out/>
  <testcase classname="com.captialfloat.restassured.binid.JsonBinTest" name="deleteDataByInvalidBinIdTest" time="0.219"/>
  <system-out/>
  <testcase classname="com.captialfloat.restassured.binid.JsonBinTest" name="deleteDataWithoutSecretKeyTest" time="0.236"/>
  <system-out/>
</testsuite> <!-- com.captialfloat.restassured.binid.JsonBinTest -->
