<?xml version="1.0" encoding="UTF-8"?>
<!-- Generated by org.testng.reporters.JUnitReportReporter -->
<testsuite hostname="DESKTOP-OH11M1P" failures="0" tests="1" name="com.captialfloat.currencyconvert.CurrencyConvertor" time="9.348" errors="0" timestamp="2021-02-13T21:07:08 IST" skipped="0">
  <testcase classname="com.captialfloat.currencyconvert.CurrencyConvertor" name="currencyConvertedTest" time="9.348"/>
  <system-out/>
</testsuite> <!-- com.captialfloat.currencyconvert.CurrencyConvertor -->
