<?xml version="1.0" encoding="UTF-8"?>
<!-- Generated by org.testng.reporters.JUnitReportReporter -->
<testsuite hostname="DESKTOP-OH11M1P" failures="0" tests="15" name="com.captialfloat.currencyconverter.binid.JsonBinTest" time="8.672" errors="0" timestamp="2021-02-13T20:54:07 IST" skipped="0">
  <testcase classname="com.captialfloat.currencyconverter.binid.JsonBinTest" name="createDataTest" time="3.590"/>
  <system-out/>
  <testcase classname="com.captialfloat.currencyconverter.binid.JsonBinTest" name="createDataByInvalidSecureKey" time="0.246"/>
  <system-out/>
  <testcase classname="com.captialfloat.currencyconverter.binid.JsonBinTest" name="createDataWithoutSecretKey" time="0.294"/>
  <system-out/>
  <testcase classname="com.captialfloat.currencyconverter.binid.JsonBinTest" name="getDataByIdTest" time="0.265"/>
  <system-out/>
  <testcase classname="com.captialfloat.currencyconverter.binid.JsonBinTest" name="getDataByWrongVesionZeroTest" time="0.233"/>
  <system-out/>
  <testcase classname="com.captialfloat.currencyconverter.binid.JsonBinTest" name="getDataByWrongBinId" time="1.350"/>
  <system-out/>
  <testcase classname="com.captialfloat.currencyconverter.binid.JsonBinTest" name="getDataByNagativeVesionTest" time="0.251"/>
  <system-out/>
  <testcase classname="com.captialfloat.currencyconverter.binid.JsonBinTest" name="updateDataByIdTest" time="0.334"/>
  <system-out/>
  <testcase classname="com.captialfloat.currencyconverter.binid.JsonBinTest" name="getDataByVesionOneTest" time="0.351"/>
  <system-out/>
  <testcase classname="com.captialfloat.currencyconverter.binid.JsonBinTest" name="withouScretKeyTest" time="0.212"/>
  <system-out/>
  <testcase classname="com.captialfloat.currencyconverter.binid.JsonBinTest" name="updateDataInvalidBinIdTest" time="0.585"/>
  <system-out/>
  <testcase classname="com.captialfloat.currencyconverter.binid.JsonBinTest" name="updateDataWithoutSecureKeyTest" time="0.218"/>
  <system-out/>
  <testcase classname="com.captialfloat.currencyconverter.binid.JsonBinTest" name="deleteDataByBinIdTest" time="0.245"/>
  <system-out/>
  <testcase classname="com.captialfloat.currencyconverter.binid.JsonBinTest" name="deleteDataByInvalidBinIdTest" time="0.245"/>
  <system-out/>
  <testcase classname="com.captialfloat.currencyconverter.binid.JsonBinTest" name="deleteDataWithoutSecretKeyTest" time="0.253"/>
  <system-out/>
</testsuite> <!-- com.captialfloat.currencyconverter.binid.JsonBinTest -->
