<?xml version="1.0" encoding="UTF-8"?>
<!-- Generated by org.testng.reporters.JUnitReportReporter -->
<testsuite hostname="DESKTOP-OH11M1P" failures="0" tests="15" name="com.captialfloat.restassured.binid.JsonBinTest" time="19.962" errors="0" timestamp="2021-02-13T21:36:33 IST" skipped="0">
  <testcase classname="com.captialfloat.restassured.binid.JsonBinTest" name="createDataTest" time="4.838"/>
  <system-out/>
  <testcase classname="com.captialfloat.restassured.binid.JsonBinTest" name="createDataByInvalidSecureKey" time="1.089"/>
  <system-out/>
  <testcase classname="com.captialfloat.restassured.binid.JsonBinTest" name="createDataWithoutSecretKey" time="1.124"/>
  <system-out/>
  <testcase classname="com.captialfloat.restassured.binid.JsonBinTest" name="getDataByIdTest" time="0.833"/>
  <system-out/>
  <testcase classname="com.captialfloat.restassured.binid.JsonBinTest" name="getDataByWrongVesionZeroTest" time="1.120"/>
  <system-out/>
  <testcase classname="com.captialfloat.restassured.binid.JsonBinTest" name="getDataByWrongBinId" time="1.136"/>
  <system-out/>
  <testcase classname="com.captialfloat.restassured.binid.JsonBinTest" name="getDataByNagativeVesionTest" time="1.060"/>
  <system-out/>
  <testcase classname="com.captialfloat.restassured.binid.JsonBinTest" name="updateDataByIdTest" time="1.087"/>
  <system-out/>
  <testcase classname="com.captialfloat.restassured.binid.JsonBinTest" name="getDataByVesionOneTest" time="1.114"/>
  <system-out/>
  <testcase classname="com.captialfloat.restassured.binid.JsonBinTest" name="withouScretKeyTest" time="1.057"/>
  <system-out/>
  <testcase classname="com.captialfloat.restassured.binid.JsonBinTest" name="updateDataInvalidBinIdTest" time="1.017"/>
  <system-out/>
  <testcase classname="com.captialfloat.restassured.binid.JsonBinTest" name="updateDataWithoutSecureKeyTest" time="1.134"/>
  <system-out/>
  <testcase classname="com.captialfloat.restassured.binid.JsonBinTest" name="deleteDataByBinIdTest" time="1.154"/>
  <system-out/>
  <testcase classname="com.captialfloat.restassured.binid.JsonBinTest" name="deleteDataByInvalidBinIdTest" time="1.073"/>
  <system-out/>
  <testcase classname="com.captialfloat.restassured.binid.JsonBinTest" name="deleteDataWithoutSecretKeyTest" time="1.126"/>
  <system-out/>
</testsuite> <!-- com.captialfloat.restassured.binid.JsonBinTest -->
